<?xml version="1.0" encoding="UTF-8"?>
<!-- Generated by org.testng.reporters.JUnitXMLReporter -->
<testsuite ignored="2" hostname="DESKTOP-3VI02IA" failures="1" tests="6" name="Test" time="141.192" errors="0" timestamp="2025-06-16T10:53:38 IST">
  <testcase classname="com.comcast.crm.ListenersAndScreenshot.CreateOrgTest" name="createOrganizationTest" time="23.649">
    <failure type="java.lang.AssertionError" message="null">
      <![CDATA[java.lang.AssertionError: null
at com.comcast.crm.ListenersAndScreenshot.CreateOrgTest.createOrganizationTest(CreateOrgTest.java:61)
at java.base/java.util.ArrayList.forEach(ArrayList.java:1596)
... Removed 27 stack frames]]>
    </failure>
  </testcase> <!-- createOrganizationTest -->
  <testcase classname="com.comcast.crm.ListenersAndScreenshot.CreateOrgTest" name="createOrganizationWithIndustryAndTypeTest" time="14.887"/>
  <testcase classname="com.comcast.crm.ListenersAndScreenshot.CreateOrgTest" name="createOrganizationWithPhoneNumber" time="10.842"/>
  <testcase classname="com.comcast.crm.ListenersAndScreenshot.CreateContactTest" name="createContactTest" time="12.207"/>
  <testcase classname="com.comcast.crm.ListenersAndScreenshot.CreateContactTest" name="createContactWithOrganizationTest" time="18.471"/>
  <testcase classname="com.comcast.crm.ListenersAndScreenshot.CreateContactTest" name="createContactWithSupportDateTest" time="12.787"/>
  <testcase classname="com.crm.generic.BaseUtility.BaseClass" name="@AfterSuite configAS" time="0.0">
    <ignored/>
  </testcase> <!-- @AfterSuite configAS -->
  <testcase classname="com.crm.generic.BaseUtility.BaseClass" name="@BeforeSuite configBS" time="0.0">
    <ignored/>
  </testcase> <!-- @BeforeSuite configBS -->
</testsuite> <!-- Test -->
